<?xml version="1.0" encoding="UTF-8"?>
<testsuite xmlns:xsi="http://www.w3.org/2001/XMLSchema-instance" xsi:noNamespaceSchemaLocation="https://maven.apache.org/surefire/maven-surefire-plugin/xsd/surefire-test-report.xsd" name="Expenses Module: Testing main functionalities for smoke test" time="24.288" tests="4" errors="2" skipped="0" failures="0">
  <properties>
    <property name="java.specification.version" value="13"/>
    <property name="webdriver.chrome.driver" value="/Users/begimai/.m2/repository/webdriver/chromedriver/mac64/80.0.3987.106/chromedriver"/>
    <property name="sun.jnu.encoding" value="UTF-8"/>
    <property name="java.class.path" value="/Users/begimai/B_ERP_Expenses/target/test-classes:/Users/begimai/B_ERP_Expenses/target/classes:/Users/begimai/.m2/repository/org/seleniumhq/selenium/selenium-java/3.141.59/selenium-java-3.141.59.jar:/Users/begimai/.m2/repository/org/seleniumhq/selenium/selenium-api/3.141.59/selenium-api-3.141.59.jar:/Users/begimai/.m2/repository/org/seleniumhq/selenium/selenium-chrome-driver/3.141.59/selenium-chrome-driver-3.141.59.jar:/Users/begimai/.m2/repository/org/seleniumhq/selenium/selenium-edge-driver/3.141.59/selenium-edge-driver-3.141.59.jar:/Users/begimai/.m2/repository/org/seleniumhq/selenium/selenium-firefox-driver/3.141.59/selenium-firefox-driver-3.141.59.jar:/Users/begimai/.m2/repository/org/seleniumhq/selenium/selenium-ie-driver/3.141.59/selenium-ie-driver-3.141.59.jar:/Users/begimai/.m2/repository/org/seleniumhq/selenium/selenium-opera-driver/3.141.59/selenium-opera-driver-3.141.59.jar:/Users/begimai/.m2/repository/org/seleniumhq/selenium/selenium-remote-driver/3.141.59/selenium-remote-driver-3.141.59.jar:/Users/begimai/.m2/repository/org/seleniumhq/selenium/selenium-safari-driver/3.141.59/selenium-safari-driver-3.141.59.jar:/Users/begimai/.m2/repository/org/seleniumhq/selenium/selenium-support/3.141.59/selenium-support-3.141.59.jar:/Users/begimai/.m2/repository/net/bytebuddy/byte-buddy/1.8.15/byte-buddy-1.8.15.jar:/Users/begimai/.m2/repository/org/apache/commons/commons-exec/1.3/commons-exec-1.3.jar:/Users/begimai/.m2/repository/com/google/guava/guava/25.0-jre/guava-25.0-jre.jar:/Users/begimai/.m2/repository/com/google/code/findbugs/jsr305/1.3.9/jsr305-1.3.9.jar:/Users/begimai/.m2/repository/org/checkerframework/checker-compat-qual/2.0.0/checker-compat-qual-2.0.0.jar:/Users/begimai/.m2/repository/com/google/errorprone/error_prone_annotations/2.1.3/error_prone_annotations-2.1.3.jar:/Users/begimai/.m2/repository/com/google/j2objc/j2objc-annotations/1.1/j2objc-annotations-1.1.jar:/Users/begimai/.m2/repository/org/codehaus/mojo/animal-sniffer-annotations/1.14/animal-sniffer-annotations-1.14.jar:/Users/begimai/.m2/repository/com/squareup/okhttp3/okhttp/3.11.0/okhttp-3.11.0.jar:/Users/begimai/.m2/repository/com/squareup/okio/okio/1.14.0/okio-1.14.0.jar:/Users/begimai/.m2/repository/io/github/bonigarcia/webdrivermanager/3.8.0/webdrivermanager-3.8.0.jar:/Users/begimai/.m2/repository/org/slf4j/slf4j-api/1.7.25/slf4j-api-1.7.25.jar:/Users/begimai/.m2/repository/commons-io/commons-io/2.6/commons-io-2.6.jar:/Users/begimai/.m2/repository/com/google/code/gson/gson/2.8.5/gson-2.8.5.jar:/Users/begimai/.m2/repository/org/apache/commons/commons-lang3/3.8.1/commons-lang3-3.8.1.jar:/Users/begimai/.m2/repository/org/apache/httpcomponents/httpclient/4.5.6/httpclient-4.5.6.jar:/Users/begimai/.m2/repository/org/apache/httpcomponents/httpcore/4.4.10/httpcore-4.4.10.jar:/Users/begimai/.m2/repository/commons-logging/commons-logging/1.2/commons-logging-1.2.jar:/Users/begimai/.m2/repository/commons-codec/commons-codec/1.10/commons-codec-1.10.jar:/Users/begimai/.m2/repository/org/rauschig/jarchivelib/1.0.0/jarchivelib-1.0.0.jar:/Users/begimai/.m2/repository/org/jsoup/jsoup/1.11.3/jsoup-1.11.3.jar:/Users/begimai/.m2/repository/io/cucumber/cucumber-java/4.2.0/cucumber-java-4.2.0.jar:/Users/begimai/.m2/repository/io/cucumber/cucumber-core/4.2.0/cucumber-core-4.2.0.jar:/Users/begimai/.m2/repository/io/cucumber/cucumber-html/0.2.7/cucumber-html-0.2.7.jar:/Users/begimai/.m2/repository/io/cucumber/gherkin/5.1.0/gherkin-5.1.0.jar:/Users/begimai/.m2/repository/io/cucumber/tag-expressions/1.1.1/tag-expressions-1.1.1.jar:/Users/begimai/.m2/repository/io/cucumber/cucumber-expressions/6.2.0/cucumber-expressions-6.2.0.jar:/Users/begimai/.m2/repository/io/cucumber/datatable/1.1.7/datatable-1.1.7.jar:/Users/begimai/.m2/repository/io/cucumber/datatable-dependencies/1.1.7/datatable-dependencies-1.1.7.jar:/Users/begimai/.m2/repository/org/apache/poi/poi-ooxml/4.1.2/poi-ooxml-4.1.2.jar:/Users/begimai/.m2/repository/org/apache/poi/poi/4.1.2/poi-4.1.2.jar:/Users/begimai/.m2/repository/org/apache/commons/commons-collections4/4.4/commons-collections4-4.4.jar:/Users/begimai/.m2/repository/org/apache/commons/commons-math3/3.6.1/commons-math3-3.6.1.jar:/Users/begimai/.m2/repository/com/zaxxer/SparseBitSet/1.2/SparseBitSet-1.2.jar:/Users/begimai/.m2/repository/org/apache/poi/poi-ooxml-schemas/4.1.2/poi-ooxml-schemas-4.1.2.jar:/Users/begimai/.m2/repository/org/apache/xmlbeans/xmlbeans/3.1.0/xmlbeans-3.1.0.jar:/Users/begimai/.m2/repository/org/apache/commons/commons-compress/1.19/commons-compress-1.19.jar:/Users/begimai/.m2/repository/com/github/virtuald/curvesapi/1.06/curvesapi-1.06.jar:/Users/begimai/.m2/repository/io/cucumber/cucumber-junit/4.2.0/cucumber-junit-4.2.0.jar:/Users/begimai/.m2/repository/junit/junit/4.12/junit-4.12.jar:/Users/begimai/.m2/repository/org/hamcrest/hamcrest-core/1.3/hamcrest-core-1.3.jar:"/>
    <property name="java.vm.vendor" value="Oracle Corporation"/>
    <property name="sun.arch.data.model" value="64"/>
    <property name="java.vendor.url" value="https://java.oracle.com/"/>
    <property name="user.timezone" value="America/Chicago"/>
    <property name="os.name" value="Mac OS X"/>
    <property name="java.vm.specification.version" value="13"/>
    <property name="sun.java.launcher" value="SUN_STANDARD"/>
    <property name="user.country" value="US"/>
    <property name="sun.boot.library.path" value="/Library/Java/JavaVirtualMachines/jdk-13.0.1.jdk/Contents/Home/lib"/>
    <property name="sun.java.command" value="/Users/begimai/B_ERP_Expenses/target/surefire/surefirebooter8021922781945019151.jar /Users/begimai/B_ERP_Expenses/target/surefire 2020-03-02T10-49-40_480-jvmRun1 surefire13953963494351879457tmp surefire_34821731956550262786tmp"/>
    <property name="http.nonProxyHosts" value="local|*.local|169.254/16|*.169.254/16"/>
    <property name="jdk.debug" value="release"/>
    <property name="surefire.test.class.path" value="/Users/begimai/B_ERP_Expenses/target/test-classes:/Users/begimai/B_ERP_Expenses/target/classes:/Users/begimai/.m2/repository/org/seleniumhq/selenium/selenium-java/3.141.59/selenium-java-3.141.59.jar:/Users/begimai/.m2/repository/org/seleniumhq/selenium/selenium-api/3.141.59/selenium-api-3.141.59.jar:/Users/begimai/.m2/repository/org/seleniumhq/selenium/selenium-chrome-driver/3.141.59/selenium-chrome-driver-3.141.59.jar:/Users/begimai/.m2/repository/org/seleniumhq/selenium/selenium-edge-driver/3.141.59/selenium-edge-driver-3.141.59.jar:/Users/begimai/.m2/repository/org/seleniumhq/selenium/selenium-firefox-driver/3.141.59/selenium-firefox-driver-3.141.59.jar:/Users/begimai/.m2/repository/org/seleniumhq/selenium/selenium-ie-driver/3.141.59/selenium-ie-driver-3.141.59.jar:/Users/begimai/.m2/repository/org/seleniumhq/selenium/selenium-opera-driver/3.141.59/selenium-opera-driver-3.141.59.jar:/Users/begimai/.m2/repository/org/seleniumhq/selenium/selenium-remote-driver/3.141.59/selenium-remote-driver-3.141.59.jar:/Users/begimai/.m2/repository/org/seleniumhq/selenium/selenium-safari-driver/3.141.59/selenium-safari-driver-3.141.59.jar:/Users/begimai/.m2/repository/org/seleniumhq/selenium/selenium-support/3.141.59/selenium-support-3.141.59.jar:/Users/begimai/.m2/repository/net/bytebuddy/byte-buddy/1.8.15/byte-buddy-1.8.15.jar:/Users/begimai/.m2/repository/org/apache/commons/commons-exec/1.3/commons-exec-1.3.jar:/Users/begimai/.m2/repository/com/google/guava/guava/25.0-jre/guava-25.0-jre.jar:/Users/begimai/.m2/repository/com/google/code/findbugs/jsr305/1.3.9/jsr305-1.3.9.jar:/Users/begimai/.m2/repository/org/checkerframework/checker-compat-qual/2.0.0/checker-compat-qual-2.0.0.jar:/Users/begimai/.m2/repository/com/google/errorprone/error_prone_annotations/2.1.3/error_prone_annotations-2.1.3.jar:/Users/begimai/.m2/repository/com/google/j2objc/j2objc-annotations/1.1/j2objc-annotations-1.1.jar:/Users/begimai/.m2/repository/org/codehaus/mojo/animal-sniffer-annotations/1.14/animal-sniffer-annotations-1.14.jar:/Users/begimai/.m2/repository/com/squareup/okhttp3/okhttp/3.11.0/okhttp-3.11.0.jar:/Users/begimai/.m2/repository/com/squareup/okio/okio/1.14.0/okio-1.14.0.jar:/Users/begimai/.m2/repository/io/github/bonigarcia/webdrivermanager/3.8.0/webdrivermanager-3.8.0.jar:/Users/begimai/.m2/repository/org/slf4j/slf4j-api/1.7.25/slf4j-api-1.7.25.jar:/Users/begimai/.m2/repository/commons-io/commons-io/2.6/commons-io-2.6.jar:/Users/begimai/.m2/repository/com/google/code/gson/gson/2.8.5/gson-2.8.5.jar:/Users/begimai/.m2/repository/org/apache/commons/commons-lang3/3.8.1/commons-lang3-3.8.1.jar:/Users/begimai/.m2/repository/org/apache/httpcomponents/httpclient/4.5.6/httpclient-4.5.6.jar:/Users/begimai/.m2/repository/org/apache/httpcomponents/httpcore/4.4.10/httpcore-4.4.10.jar:/Users/begimai/.m2/repository/commons-logging/commons-logging/1.2/commons-logging-1.2.jar:/Users/begimai/.m2/repository/commons-codec/commons-codec/1.10/commons-codec-1.10.jar:/Users/begimai/.m2/repository/org/rauschig/jarchivelib/1.0.0/jarchivelib-1.0.0.jar:/Users/begimai/.m2/repository/org/jsoup/jsoup/1.11.3/jsoup-1.11.3.jar:/Users/begimai/.m2/repository/io/cucumber/cucumber-java/4.2.0/cucumber-java-4.2.0.jar:/Users/begimai/.m2/repository/io/cucumber/cucumber-core/4.2.0/cucumber-core-4.2.0.jar:/Users/begimai/.m2/repository/io/cucumber/cucumber-html/0.2.7/cucumber-html-0.2.7.jar:/Users/begimai/.m2/repository/io/cucumber/gherkin/5.1.0/gherkin-5.1.0.jar:/Users/begimai/.m2/repository/io/cucumber/tag-expressions/1.1.1/tag-expressions-1.1.1.jar:/Users/begimai/.m2/repository/io/cucumber/cucumber-expressions/6.2.0/cucumber-expressions-6.2.0.jar:/Users/begimai/.m2/repository/io/cucumber/datatable/1.1.7/datatable-1.1.7.jar:/Users/begimai/.m2/repository/io/cucumber/datatable-dependencies/1.1.7/datatable-dependencies-1.1.7.jar:/Users/begimai/.m2/repository/org/apache/poi/poi-ooxml/4.1.2/poi-ooxml-4.1.2.jar:/Users/begimai/.m2/repository/org/apache/poi/poi/4.1.2/poi-4.1.2.jar:/Users/begimai/.m2/repository/org/apache/commons/commons-collections4/4.4/commons-collections4-4.4.jar:/Users/begimai/.m2/repository/org/apache/commons/commons-math3/3.6.1/commons-math3-3.6.1.jar:/Users/begimai/.m2/repository/com/zaxxer/SparseBitSet/1.2/SparseBitSet-1.2.jar:/Users/begimai/.m2/repository/org/apache/poi/poi-ooxml-schemas/4.1.2/poi-ooxml-schemas-4.1.2.jar:/Users/begimai/.m2/repository/org/apache/xmlbeans/xmlbeans/3.1.0/xmlbeans-3.1.0.jar:/Users/begimai/.m2/repository/org/apache/commons/commons-compress/1.19/commons-compress-1.19.jar:/Users/begimai/.m2/repository/com/github/virtuald/curvesapi/1.06/curvesapi-1.06.jar:/Users/begimai/.m2/repository/io/cucumber/cucumber-junit/4.2.0/cucumber-junit-4.2.0.jar:/Users/begimai/.m2/repository/junit/junit/4.12/junit-4.12.jar:/Users/begimai/.m2/repository/org/hamcrest/hamcrest-core/1.3/hamcrest-core-1.3.jar:"/>
    <property name="sun.cpu.endian" value="little"/>
    <property name="user.home" value="/Users/begimai"/>
    <property name="user.language" value="en"/>
    <property name="java.specification.vendor" value="Oracle Corporation"/>
    <property name="java.version.date" value="2019-10-15"/>
    <property name="java.home" value="/Library/Java/JavaVirtualMachines/jdk-13.0.1.jdk/Contents/Home"/>
    <property name="file.separator" value="/"/>
    <property name="basedir" value="/Users/begimai/B_ERP_Expenses"/>
    <property name="java.vm.compressedOopsMode" value="Zero based"/>
    <property name="line.separator" value="&#10;"/>
    <property name="idea.version2019.2.3" value="true"/>
    <property name="java.specification.name" value="Java Platform API Specification"/>
    <property name="java.vm.specification.vendor" value="Oracle Corporation"/>
    <property name="surefire.real.class.path" value="/Users/begimai/B_ERP_Expenses/target/surefire/surefirebooter8021922781945019151.jar"/>
    <property name="sun.management.compiler" value="HotSpot 64-Bit Tiered Compilers"/>
    <property name="ftp.nonProxyHosts" value="local|*.local|169.254/16|*.169.254/16"/>
    <property name="java.runtime.version" value="13.0.1+9"/>
    <property name="user.name" value="begimai"/>
    <property name="path.separator" value=":"/>
    <property name="os.version" value="10.15"/>
    <property name="java.runtime.name" value="Java(TM) SE Runtime Environment"/>
    <property name="file.encoding" value="UTF-8"/>
    <property name="java.vm.name" value="Java HotSpot(TM) 64-Bit Server VM"/>
    <property name="localRepository" value="/Users/begimai/.m2/repository"/>
    <property name="java.vendor.url.bug" value="https://bugreport.java.com/bugreport/"/>
    <property name="java.io.tmpdir" value="/var/folders/dq/0bybqq_j3g760mgj75xlmlqm0000gn/T/"/>
    <property name="java.version" value="13.0.1"/>
    <property name="user.dir" value="/Users/begimai/B_ERP_Expenses"/>
    <property name="os.arch" value="x86_64"/>
    <property name="java.vm.specification.name" value="Java Virtual Machine Specification"/>
    <property name="java.library.path" value="/Users/begimai/Library/Java/Extensions:/Library/Java/Extensions:/Network/Library/Java/Extensions:/System/Library/Java/Extensions:/usr/lib/java:."/>
    <property name="java.vm.info" value="mixed mode, sharing"/>
    <property name="java.vendor" value="Oracle Corporation"/>
    <property name="java.vm.version" value="13.0.1+9"/>
    <property name="sun.io.unicode.encoding" value="UnicodeBig"/>
    <property name="socksNonProxyHosts" value="local|*.local|169.254/16|*.169.254/16"/>
    <property name="java.class.version" value="57.0"/>
  </properties>
  <testcase name="As a user I should be able to login using authenticated test data" classname="Expenses Module: Testing main functionalities for smoke test" time="6.707"/>
  <testcase name="As a user I should be able to navigate Expenses Report to Approve function" classname="Expenses Module: Testing main functionalities for smoke test" time="8.682"/>
  <testcase name="As a user I should be able to Approve any submitted entries" classname="Expenses Module: Testing main functionalities for smoke test" time="8.893">
    <error message="Cannot locate an element using xpath=//table[@class=&apos;o_list_view table table-condensed table-striped o_list_view_ungrouped&apos;]/tbody/tr[2]/td[6]&#10;For documentation on this error, please visit: https://www.seleniumhq.org/exceptions/no_such_element.html&#10;Build info: version: &apos;3.141.59&apos;, revision: &apos;e82be7d358&apos;, time: &apos;2018-11-14T08:17:03&apos;&#10;System info: host: &apos;Begimais-MacBook-Pro.local&apos;, ip: &apos;fe80:0:0:0:10cd:9cc7:14:ded%en0&apos;, os.name: &apos;Mac OS X&apos;, os.arch: &apos;x86_64&apos;, os.version: &apos;10.15&apos;, java.version: &apos;13.0.1&apos;&#10;Driver info: driver.version: RemoteWebDriver" type="org.openqa.selenium.NoSuchElementException">org.openqa.selenium.NoSuchElementException: 
Cannot locate an element using xpath=//table[@class='o_list_view table table-condensed table-striped o_list_view_ungrouped']/tbody/tr[2]/td[6]
For documentation on this error, please visit: https://www.seleniumhq.org/exceptions/no_such_element.html
Build info: version: '3.141.59', revision: 'e82be7d358', time: '2018-11-14T08:17:03'
System info: host: 'Begimais-MacBook-Pro.local', ip: 'fe80:0:0:0:10cd:9cc7:14:ded%en0', os.name: 'Mac OS X', os.arch: 'x86_64', os.version: '10.15', java.version: '13.0.1'
Driver info: driver.version: RemoteWebDriver
</error>
    <system-err><![CDATA[Starting ChromeDriver 80.0.3987.106 (f68069574609230cf9b635cd784cfb1bf81bb53a-refs/branch-heads/3987@{#882}) on port 22632
Only local connections are allowed.
Please protect ports used by ChromeDriver and related test frameworks to prevent access by malicious code.
Mar 02, 2020 10:49:58 AM org.openqa.selenium.remote.ProtocolHandshake createSession
INFO: Detected dialect: W3C
]]></system-err>
  </testcase>
  <testcase name="As a user I should be able to Approve any submitted entries" classname="Expenses Module: Testing main functionalities for smoke test" time="0">
    <error message="no such window: target window already closed&#10;from unknown error: web view not found&#10;  (Session info: chrome=80.0.3987.122)&#10;Build info: version: &apos;3.141.59&apos;, revision: &apos;e82be7d358&apos;, time: &apos;2018-11-14T08:17:03&apos;&#10;System info: host: &apos;Begimais-MacBook-Pro.local&apos;, ip: &apos;fe80:0:0:0:10cd:9cc7:14:ded%en0&apos;, os.name: &apos;Mac OS X&apos;, os.arch: &apos;x86_64&apos;, os.version: &apos;10.15&apos;, java.version: &apos;13.0.1&apos;&#10;Driver info: org.openqa.selenium.chrome.ChromeDriver&#10;Capabilities {acceptInsecureCerts: false, browserName: chrome, browserVersion: 80.0.3987.122, chrome: {chromedriverVersion: 80.0.3987.106 (f68069574609..., userDataDir: /var/folders/dq/0bybqq_j3g7...}, goog:chromeOptions: {debuggerAddress: localhost:57055}, javascriptEnabled: true, networkConnectionEnabled: false, pageLoadStrategy: normal, platform: MAC, platformName: MAC, proxy: Proxy(), setWindowRect: true, strictFileInteractability: false, timeouts: {implicit: 0, pageLoad: 300000, script: 30000}, unhandledPromptBehavior: dismiss and notify}&#10;Session ID: 09fa3e65860cac9e39fd13c8fe988e7e" type="org.openqa.selenium.NoSuchWindowException">org.openqa.selenium.NoSuchWindowException: 
no such window: target window already closed
from unknown error: web view not found
  (Session info: chrome=80.0.3987.122)
Build info: version: '3.141.59', revision: 'e82be7d358', time: '2018-11-14T08:17:03'
System info: host: 'Begimais-MacBook-Pro.local', ip: 'fe80:0:0:0:10cd:9cc7:14:ded%en0', os.name: 'Mac OS X', os.arch: 'x86_64', os.version: '10.15', java.version: '13.0.1'
Driver info: org.openqa.selenium.chrome.ChromeDriver
Capabilities {acceptInsecureCerts: false, browserName: chrome, browserVersion: 80.0.3987.122, chrome: {chromedriverVersion: 80.0.3987.106 (f68069574609..., userDataDir: /var/folders/dq/0bybqq_j3g7...}, goog:chromeOptions: {debuggerAddress: localhost:57055}, javascriptEnabled: true, networkConnectionEnabled: false, pageLoadStrategy: normal, platform: MAC, platformName: MAC, proxy: Proxy(), setWindowRect: true, strictFileInteractability: false, timeouts: {implicit: 0, pageLoad: 300000, script: 30000}, unhandledPromptBehavior: dismiss and notify}
Session ID: 09fa3e65860cac9e39fd13c8fe988e7e
</error>
  </testcase>
</testsuite>